<?xml version="1.0" encoding="UTF-8"?>
<!-- Generated by org.testng.reporters.JUnitXMLReporter -->
<testsuite ignored="0" hostname="APT04-1DKF7G3" failures="2" tests="2" name="Test" time="0.044" errors="0" timestamp="2024-05-30T21:32:15 IST">
  <testcase classname="googletest2" name="googleTest" time="0.017">
    <failure type="java.net.URISyntaxException" message="Illegal character in scheme name at index 0:  http://192.168.0.104:4444">
      <![CDATA[java.net.URISyntaxException: Illegal character in scheme name at index 0:  http://192.168.0.104:4444
at java.base/java.net.URI$Parser.fail(URI.java:2974)
at java.base/java.net.URI$Parser.checkChars(URI.java:3145)
at java.base/java.net.URI$Parser.checkChar(URI.java:3155)
at java.base/java.net.URI$Parser.parse(URI.java:3170)
at java.base/java.net.URI.<init>(URI.java:623)
at googletest2.googleTest(googletest2.java:21)
at java.base/java.util.concurrent.ThreadPoolExecutor.runWorker(ThreadPoolExecutor.java:1136)
at java.base/java.util.concurrent.ThreadPoolExecutor$Worker.run(ThreadPoolExecutor.java:635)
at java.base/java.lang.Thread.run(Thread.java:833)
... Removed 12 stack frames]]>
    </failure>
  </testcase> <!-- googleTest -->
  <testcase classname="googletest" name="googleTest" time="0.017">
    <failure type="java.net.URISyntaxException" message="Illegal character in scheme name at index 0:  http://192.168.0.104:4444">
      <![CDATA[java.net.URISyntaxException: Illegal character in scheme name at index 0:  http://192.168.0.104:4444
at java.base/java.net.URI$Parser.fail(URI.java:2974)
at java.base/java.net.URI$Parser.checkChars(URI.java:3145)
at java.base/java.net.URI$Parser.checkChar(URI.java:3155)
at java.base/java.net.URI$Parser.parse(URI.java:3170)
at java.base/java.net.URI.<init>(URI.java:623)
at googletest.googleTest(googletest.java:21)
at java.base/java.util.concurrent.ThreadPoolExecutor.runWorker(ThreadPoolExecutor.java:1136)
at java.base/java.util.concurrent.ThreadPoolExecutor$Worker.run(ThreadPoolExecutor.java:635)
at java.base/java.lang.Thread.run(Thread.java:833)
... Removed 12 stack frames]]>
    </failure>
  </testcase> <!-- googleTest -->
</testsuite> <!-- Test -->
